proguard/seeds.txt
cn.domob.android.a.a.e$a
cn.domob.android.a.a.e$a: e$a(android.content.Context)
cn.domob.android.a.b.d
cn.domob.android.a.e
cn.domob.android.a.f
cn.domob.android.a.f: f(android.content.Context)
cn.domob.android.ads.AdManager$ErrorCode
cn.domob.android.ads.AdManager$ErrorCode: cn.domob.android.ads.AdManager$ErrorCode INTERNAL_ERROR
cn.domob.android.ads.AdManager$ErrorCode: cn.domob.android.ads.AdManager$ErrorCode INVALID_REQUEST
cn.domob.android.ads.AdManager$ErrorCode: cn.domob.android.ads.AdManager$ErrorCode NETWORK_ERROR
cn.domob.android.ads.AdManager$ErrorCode: cn.domob.android.ads.AdManager$ErrorCode NO_FILL
cn.domob.android.ads.AdManager$ErrorCode: cn.domob.android.ads.AdManager$ErrorCode RT_SPLASH_TIMEOUT_LOAD_RESOURCE
cn.domob.android.ads.AdManager$ErrorCode: cn.domob.android.ads.AdManager$ErrorCode RT_SPLASH_TIMEOUT_REQUEST_AD
cn.domob.android.ads.AdManager$ErrorCode: cn.domob.android.ads.AdManager$ErrorCode[] a
cn.domob.android.ads.AdManager$ErrorCode: cn.domob.android.ads.AdManager$ErrorCode[] values()
cn.domob.android.ads.AdManager$ErrorCode: cn.domob.android.ads.AdManager$ErrorCode valueOf(java.lang.String)
cn.domob.android.ads.AdManager$ErrorCode: AdManager$ErrorCode(java.lang.String,int)
cn.domob.android.ads.AdManager$ErrorCode: void <clinit>()
cn.domob.android.ads.AdView: void setAdSize(java.lang.String)
cn.domob.android.ads.AdView: void setSpots(java.lang.String)
cn.domob.android.ads.AdView: void setKeyword(java.lang.String)
cn.domob.android.ads.AdView: void setUserGender(java.lang.String)
cn.domob.android.ads.AdView: void setUserBirthdayStr(java.lang.String)
cn.domob.android.ads.AdView: void setUserPostcode(java.lang.String)
cn.domob.android.ads.AdView: void setRefreshable(boolean)
cn.domob.android.ads.AdView: void setOnAdListener(cn.domob.android.ads.AdListener)
cn.domob.android.ads.AdView: void setAdEventListener(cn.domob.android.ads.AdEventListener)
cn.domob.android.ads.AdView$a
cn.domob.android.ads.AdView$a: cn.domob.android.ads.AdView$a a
cn.domob.android.ads.AdView$a: cn.domob.android.ads.AdView$a b
cn.domob.android.ads.AdView$a: cn.domob.android.ads.AdView$a c
cn.domob.android.ads.AdView$a: cn.domob.android.ads.AdView$a d
cn.domob.android.ads.AdView$a: cn.domob.android.ads.AdView$a e
cn.domob.android.ads.AdView$a: cn.domob.android.ads.AdView$a f
cn.domob.android.ads.AdView$a: cn.domob.android.ads.AdView$a g
cn.domob.android.ads.AdView$a: cn.domob.android.ads.AdView$a h
cn.domob.android.ads.AdView$a: cn.domob.android.ads.AdView$a[] i
cn.domob.android.ads.AdView$a: cn.domob.android.ads.AdView$a[] values()
cn.domob.android.ads.AdView$a: cn.domob.android.ads.AdView$a valueOf(java.lang.String)
cn.domob.android.ads.AdView$a: AdView$a(java.lang.String,int)
cn.domob.android.ads.AdView$a: void <clinit>()
cn.domob.android.ads.B$a
cn.domob.android.ads.B$a: B$a(android.content.Context)
cn.domob.android.ads.DmActivity
cn.domob.android.ads.FeedsAdView: void setFeedsAdListener(cn.domob.android.ads.FeedsAdListener)
cn.domob.android.ads.FeedsAdView: void setKeyword(java.lang.String)
cn.domob.android.ads.FeedsAdView: void setUserGender(java.lang.String)
cn.domob.android.ads.FeedsAdView: void setUserBirthdayStr(java.lang.String)
cn.domob.android.ads.FeedsAdView: void setUserPostcode(java.lang.String)